<?xml version="1.0" encoding="UTF-8"?>
<!-- Generated by org.testng.reporters.JUnitXMLReporter -->
<testsuite ignored="0" hostname="Sreerams-MacBook-Pro.local" failures="0" tests="2" name="Error validations test" time="34.783" errors="0" timestamp="2025-06-21T14:54:57 IST">
  <testcase classname="com.Testcomponents.Errorvalidationstest" name="LoginErrorValidation" time="3.007"/>
  <testcase classname="com.Testcomponents.Errorvalidationstest" name="ProductErrorValidation" time="10.494"/>
</testsuite> <!-- Error validations test -->
