<?xml version="1.0" encoding="UTF-8"?>
<testng-results ignored="0" total="1" passed="1" failed="0" skipped="0">
  <reporter-output>
  </reporter-output>
  <suite started-at="2025-06-25T21:09:48 IST" name="Default suite" finished-at="2025-06-25T21:10:18 IST" duration-ms="29934">
    <groups>
      <group name="cucumber">
        <method signature="AbstractTestNGCucumberTests.runScenario(io.cucumber.testng.PickleWrapper,io.cucumber.testng.FeatureWrapper)[pri:0, instance:Cucumber.TestRunner@4f6ee6e4]" name="runScenario" class="io.cucumber.testng.AbstractTestNGCucumberTests"/>
      </group> <!-- cucumber -->
    </groups>
    <test started-at="2025-06-25T21:09:48 IST" name="Default test" finished-at="2025-06-25T21:10:18 IST" duration-ms="29934">
      <class name="Cucumber.TestRunner">
        <test-method is-config="true" signature="setUpClass(org.testng.ITestContext)[pri:0, instance:Cucumber.TestRunner@4f6ee6e4]" started-at="2025-06-25T21:09:48 IST" name="setUpClass" finished-at="2025-06-25T21:09:48 IST" duration-ms="219" status="PASS">
          <params>
            <param index="0">
              <value>
                <![CDATA[org.testng.TestRunner@1d9bd4da]]>
              </value>
            </param>
          </params>
          <reporter-output>
          </reporter-output>
        </test-method> <!-- setUpClass -->
        <test-method signature="runScenario(io.cucumber.testng.PickleWrapper,io.cucumber.testng.FeatureWrapper)[pri:0, instance:Cucumber.TestRunner@4f6ee6e4]" started-at="2025-06-25T21:09:48 IST" name="runScenario" description="Runs Cucumber Scenarios" data-provider="scenarios" finished-at="2025-06-25T21:10:18 IST" duration-ms="29688" status="PASS">
          <params>
            <param index="0">
              <value>
                <![CDATA["Test the order submission"]]>
              </value>
            </param>
            <param index="1">
              <value>
                <![CDATA["Purchase the order from lets shop website"]]>
              </value>
            </param>
          </params>
          <reporter-output>
          </reporter-output>
        </test-method> <!-- runScenario -->
        <test-method is-config="true" signature="tearDownClass()[pri:0, instance:Cucumber.TestRunner@4f6ee6e4]" started-at="2025-06-25T21:10:18 IST" name="tearDownClass" finished-at="2025-06-25T21:10:18 IST" duration-ms="10" status="PASS">
          <reporter-output>
          </reporter-output>
        </test-method> <!-- tearDownClass -->
      </class> <!-- Cucumber.TestRunner -->
    </test> <!-- Default test -->
  </suite> <!-- Default suite -->
</testng-results>
